mode: set
github.com/ibeauregard/url-shortener/internal/repository/sqlite/sqlite.go:24.83,26.16 2 1
github.com/ibeauregard/url-shortener/internal/repository/sqlite/sqlite.go:29.2,30.16 2 1
github.com/ibeauregard/url-shortener/internal/repository/sqlite/sqlite.go:33.2,33.29 1 1
github.com/ibeauregard/url-shortener/internal/repository/sqlite/sqlite.go:26.16,28.3 1 1
github.com/ibeauregard/url-shortener/internal/repository/sqlite/sqlite.go:30.16,32.3 1 1
github.com/ibeauregard/url-shortener/internal/repository/sqlite/sqlite.go:36.36,38.16 2 1
github.com/ibeauregard/url-shortener/internal/repository/sqlite/sqlite.go:41.2,41.12 1 1
github.com/ibeauregard/url-shortener/internal/repository/sqlite/sqlite.go:38.16,40.3 1 1
github.com/ibeauregard/url-shortener/internal/repository/sqlite/sqlite.go:44.80,50.16 5 1
github.com/ibeauregard/url-shortener/internal/repository/sqlite/sqlite.go:53.2,53.21 1 1
github.com/ibeauregard/url-shortener/internal/repository/sqlite/sqlite.go:50.16,52.3 1 1
github.com/ibeauregard/url-shortener/internal/repository/sqlite/sqlite.go:56.72,62.16 5 1
github.com/ibeauregard/url-shortener/internal/repository/sqlite/sqlite.go:65.2,65.21 1 1
github.com/ibeauregard/url-shortener/internal/repository/sqlite/sqlite.go:62.16,64.3 1 1
github.com/ibeauregard/url-shortener/internal/repository/sqlite/sqlite.go:68.63,73.16 5 1
github.com/ibeauregard/url-shortener/internal/repository/sqlite/sqlite.go:76.2,76.15 1 1
github.com/ibeauregard/url-shortener/internal/repository/sqlite/sqlite.go:81.2,82.12 2 1
github.com/ibeauregard/url-shortener/internal/repository/sqlite/sqlite.go:73.16,75.3 1 1
github.com/ibeauregard/url-shortener/internal/repository/sqlite/sqlite.go:76.15,77.38 1 1
github.com/ibeauregard/url-shortener/internal/repository/sqlite/sqlite.go:77.38,79.4 1 0
github.com/ibeauregard/url-shortener/internal/repository/sqlite/sqlite.go:85.39,91.16 5 1
github.com/ibeauregard/url-shortener/internal/repository/sqlite/sqlite.go:94.2,94.15 1 1
github.com/ibeauregard/url-shortener/internal/repository/sqlite/sqlite.go:91.16,93.3 1 1
github.com/ibeauregard/url-shortener/internal/handling/post_to_mappings.go:19.59,20.32 1 1
github.com/ibeauregard/url-shortener/internal/handling/post_to_mappings.go:20.32,22.3 1 1
github.com/ibeauregard/url-shortener/internal/handling/post_to_mappings.go:25.60,27.16 2 1
github.com/ibeauregard/url-shortener/internal/handling/post_to_mappings.go:30.2,30.35 1 1
github.com/ibeauregard/url-shortener/internal/handling/post_to_mappings.go:36.2,38.11 3 1
github.com/ibeauregard/url-shortener/internal/handling/post_to_mappings.go:42.2,43.16 2 1
github.com/ibeauregard/url-shortener/internal/handling/post_to_mappings.go:49.2,49.103 1 1
github.com/ibeauregard/url-shortener/internal/handling/post_to_mappings.go:27.16,29.3 1 1
github.com/ibeauregard/url-shortener/internal/handling/post_to_mappings.go:30.35,35.3 2 1
github.com/ibeauregard/url-shortener/internal/handling/post_to_mappings.go:38.11,41.3 2 1
github.com/ibeauregard/url-shortener/internal/handling/post_to_mappings.go:43.16,48.3 2 1
github.com/ibeauregard/url-shortener/internal/handling/post_to_mappings.go:52.74,57.16 3 1
github.com/ibeauregard/url-shortener/internal/handling/post_to_mappings.go:61.2,62.16 2 1
github.com/ibeauregard/url-shortener/internal/handling/post_to_mappings.go:66.2,66.27 1 1
github.com/ibeauregard/url-shortener/internal/handling/post_to_mappings.go:57.16,60.3 2 1
github.com/ibeauregard/url-shortener/internal/handling/post_to_mappings.go:62.16,65.3 2 1
github.com/ibeauregard/url-shortener/internal/handling/post_to_mappings.go:69.37,71.2 1 1
github.com/ibeauregard/url-shortener/internal/handling/post_to_mappings.go:73.68,78.2 1 1
github.com/ibeauregard/url-shortener/internal/handling/repo_proxy.go:19.48,21.2 1 1
github.com/ibeauregard/url-shortener/internal/handling/repo_proxy.go:23.47,25.16 2 1
github.com/ibeauregard/url-shortener/internal/handling/repo_proxy.go:28.2,28.12 1 1
github.com/ibeauregard/url-shortener/internal/handling/repo_proxy.go:25.16,27.3 1 1
github.com/ibeauregard/url-shortener/internal/handling/repo_proxy.go:31.81,33.16 2 1
github.com/ibeauregard/url-shortener/internal/handling/repo_proxy.go:36.2,36.26 1 1
github.com/ibeauregard/url-shortener/internal/handling/repo_proxy.go:33.16,35.3 1 1
github.com/ibeauregard/url-shortener/internal/handling/repo_proxy.go:39.85,41.16 2 1
github.com/ibeauregard/url-shortener/internal/handling/repo_proxy.go:44.2,44.30 1 1
github.com/ibeauregard/url-shortener/internal/handling/repo_proxy.go:41.16,43.3 1 1
github.com/ibeauregard/url-shortener/internal/handling/repo_proxy.go:47.89,53.16 3 1
github.com/ibeauregard/url-shortener/internal/handling/repo_proxy.go:56.2,56.17 1 1
github.com/ibeauregard/url-shortener/internal/handling/repo_proxy.go:53.16,55.3 1 1
github.com/ibeauregard/url-shortener/internal/handling/repo_proxy.go:59.58,61.2 1 1
github.com/ibeauregard/url-shortener/internal/handling/url_normalization.go:23.44,25.16 2 1
github.com/ibeauregard/url-shortener/internal/handling/url_normalization.go:28.2,29.16 2 1
github.com/ibeauregard/url-shortener/internal/handling/url_normalization.go:33.2,34.8 2 1
github.com/ibeauregard/url-shortener/internal/handling/url_normalization.go:38.2,39.16 2 1
github.com/ibeauregard/url-shortener/internal/handling/url_normalization.go:45.2,53.15 7 1
github.com/ibeauregard/url-shortener/internal/handling/url_normalization.go:25.16,27.3 1 1
github.com/ibeauregard/url-shortener/internal/handling/url_normalization.go:29.16,31.3 1 0
github.com/ibeauregard/url-shortener/internal/handling/url_normalization.go:34.8,36.3 1 1
github.com/ibeauregard/url-shortener/internal/handling/url_normalization.go:39.16,41.3 1 0
github.com/ibeauregard/url-shortener/internal/handling/url_normalization.go:41.8,43.3 1 1
github.com/ibeauregard/url-shortener/internal/handling/url_normalization.go:58.58,61.18 3 1
github.com/ibeauregard/url-shortener/internal/handling/url_normalization.go:64.2,65.46 2 1
github.com/ibeauregard/url-shortener/internal/handling/url_normalization.go:70.2,70.41 1 1
github.com/ibeauregard/url-shortener/internal/handling/url_normalization.go:61.18,63.3 1 1
github.com/ibeauregard/url-shortener/internal/handling/url_normalization.go:65.46,66.27 1 1
github.com/ibeauregard/url-shortener/internal/handling/url_normalization.go:66.27,68.4 1 1
github.com/ibeauregard/url-shortener/internal/handling/url_normalization.go:73.59,75.28 2 1
github.com/ibeauregard/url-shortener/internal/handling/url_normalization.go:80.2,82.26 3 1
github.com/ibeauregard/url-shortener/internal/handling/url_normalization.go:85.2,89.31 5 1
github.com/ibeauregard/url-shortener/internal/handling/url_normalization.go:75.28,77.3 1 1
github.com/ibeauregard/url-shortener/internal/handling/url_normalization.go:77.8,79.3 1 1
github.com/ibeauregard/url-shortener/internal/handling/url_normalization.go:82.26,84.3 1 1
github.com/ibeauregard/url-shortener/internal/handling/get_from_key.go:8.55,9.30 1 1
github.com/ibeauregard/url-shortener/internal/handling/get_from_key.go:9.30,11.3 1 1
github.com/ibeauregard/url-shortener/internal/handling/get_from_key.go:14.47,17.11 3 1
github.com/ibeauregard/url-shortener/internal/handling/get_from_key.go:17.11,19.3 1 1
github.com/ibeauregard/url-shortener/internal/handling/get_from_key.go:19.8,21.3 1 1
github.com/ibeauregard/url-shortener/internal/handling/key_generation.go:13.50,15.22 2 1
github.com/ibeauregard/url-shortener/internal/handling/key_generation.go:18.2,18.30 1 1
github.com/ibeauregard/url-shortener/internal/handling/key_generation.go:15.22,17.3 1 1
github.com/ibeauregard/url-shortener/internal/handling/key_generation.go:21.32,23.2 1 1
github.com/ibeauregard/url-shortener/internal/handling/key_generation.go:25.32,26.14 1 1
github.com/ibeauregard/url-shortener/internal/handling/key_generation.go:29.2,30.38 2 1
github.com/ibeauregard/url-shortener/internal/handling/key_generation.go:36.2,36.33 1 1
github.com/ibeauregard/url-shortener/internal/handling/key_generation.go:26.14,28.3 1 1
github.com/ibeauregard/url-shortener/internal/handling/key_generation.go:30.38,31.15 1 1
github.com/ibeauregard/url-shortener/internal/handling/key_generation.go:34.3,34.79 1 1
github.com/ibeauregard/url-shortener/internal/handling/key_generation.go:31.15,33.4 1 1
github.com/ibeauregard/url-shortener/internal/handling/not_found.go:8.44,10.2 1 1
